<?xml version="1.0" encoding="UTF-8"?>
<testsuite name="com.tinacg.PersonTest" tests="1" skipped="0" failures="0" errors="0" timestamp="2014-08-12T15:53:16" hostname="carnauba" time="0.003">
  <properties/>
  <testcase name="testNameConcat" classname="com.tinacg.PersonTest" time="0.003"/>
  <system-out><![CDATA[]]></system-out>
  <system-err><![CDATA[]]></system-err>
</testsuite>
